c:\users\usuario\onedrive - universidad nacional de costa rica\universidad\cuarto semestre\progra 1\proyectos\repositorio #1\project-1-fernandar-305350737\game uno\game uno\x64\debug\vc143.pdb
c:\users\usuario\onedrive - universidad nacional de costa rica\universidad\cuarto semestre\progra 1\proyectos\repositorio #1\project-1-fernandar-305350737\game uno\game uno\x64\debug\vc143.idb
c:\users\usuario\onedrive - universidad nacional de costa rica\universidad\cuarto semestre\progra 1\proyectos\repositorio #1\project-1-fernandar-305350737\game uno\game uno\x64\debug\windowgraphic.obj
c:\users\usuario\onedrive - universidad nacional de costa rica\universidad\cuarto semestre\progra 1\proyectos\repositorio #1\project-1-fernandar-305350737\game uno\game uno\x64\debug\main.obj
c:\users\usuario\onedrive - universidad nacional de costa rica\universidad\cuarto semestre\progra 1\proyectos\repositorio #1\project-1-fernandar-305350737\game uno\game uno\x64\debug\player.obj
c:\users\usuario\onedrive - universidad nacional de costa rica\universidad\cuarto semestre\progra 1\proyectos\repositorio #1\project-1-fernandar-305350737\game uno\game uno\x64\debug\card.obj
c:\users\usuario\onedrive - universidad nacional de costa rica\universidad\cuarto semestre\progra 1\proyectos\repositorio #1\project-1-fernandar-305350737\game uno\game uno\x64\debug\game.obj
c:\users\usuario\onedrive - universidad nacional de costa rica\universidad\cuarto semestre\progra 1\proyectos\repositorio #1\project-1-fernandar-305350737\game uno\x64\debug\game uno.exe
c:\users\usuario\onedrive - universidad nacional de costa rica\universidad\cuarto semestre\progra 1\proyectos\repositorio #1\project-1-fernandar-305350737\game uno\game uno\x64\debug\game uno.ilk
c:\users\usuario\onedrive - universidad nacional de costa rica\universidad\cuarto semestre\progra 1\proyectos\repositorio #1\project-1-fernandar-305350737\game uno\x64\debug\game uno.pdb
c:\users\usuario\onedrive - universidad nacional de costa rica\universidad\cuarto semestre\progra 1\proyectos\repositorio #1\project-1-fernandar-305350737\game uno\game uno\x64\debug\cart.obj
c:\users\usuario\onedrive - universidad nacional de costa rica\universidad\cuarto semestre\progra 1\proyectos\repositorio #1\project-1-fernandar-305350737\game uno\game uno\x64\debug\game uno.obj
c:\users\usuario\onedrive - universidad nacional de costa rica\universidad\cuarto semestre\progra 1\proyectos\repositorio #1\project-1-fernandar-305350737\game uno\game uno\x64\debug\main.obj.enc
c:\users\usuario\onedrive - universidad nacional de costa rica\universidad\cuarto semestre\progra 1\proyectos\repositorio #1\project-1-fernandar-305350737\game uno\game uno\x64\debug\windowgraphic.obj.enc
c:\users\usuario\onedrive - universidad nacional de costa rica\universidad\cuarto semestre\progra 1\proyectos\repositorio #1\project-1-fernandar-305350737\game uno\game uno\x64\debug\game uno.tlog\cl.command.1.tlog
c:\users\usuario\onedrive - universidad nacional de costa rica\universidad\cuarto semestre\progra 1\proyectos\repositorio #1\project-1-fernandar-305350737\game uno\game uno\x64\debug\game uno.tlog\cl.items.tlog
c:\users\usuario\onedrive - universidad nacional de costa rica\universidad\cuarto semestre\progra 1\proyectos\repositorio #1\project-1-fernandar-305350737\game uno\game uno\x64\debug\game uno.tlog\cl.read.1.tlog
c:\users\usuario\onedrive - universidad nacional de costa rica\universidad\cuarto semestre\progra 1\proyectos\repositorio #1\project-1-fernandar-305350737\game uno\game uno\x64\debug\game uno.tlog\cl.write.1.tlog
c:\users\usuario\onedrive - universidad nacional de costa rica\universidad\cuarto semestre\progra 1\proyectos\repositorio #1\project-1-fernandar-305350737\game uno\game uno\x64\debug\game uno.tlog\link.command.1.tlog
c:\users\usuario\onedrive - universidad nacional de costa rica\universidad\cuarto semestre\progra 1\proyectos\repositorio #1\project-1-fernandar-305350737\game uno\game uno\x64\debug\game uno.tlog\link.read.1.tlog
c:\users\usuario\onedrive - universidad nacional de costa rica\universidad\cuarto semestre\progra 1\proyectos\repositorio #1\project-1-fernandar-305350737\game uno\game uno\x64\debug\game uno.tlog\link.write.1.tlog
